Analysis & Synthesis report for IT
Wed Dec 09 10:32:54 2015
Quartus II Version 8.1 Build 163 10/28/2008 SJ Web Edition


---------------------
; Table of Contents ;
---------------------
  1. Legal Notice
  2. Analysis & Synthesis Summary
  3. Analysis & Synthesis Settings
  4. Analysis & Synthesis Source Files Read
  5. Analysis & Synthesis Resource Usage Summary
  6. Analysis & Synthesis Resource Utilization by Entity
  7. Analysis & Synthesis RAM Summary
  8. State Machine - |IT|LAB2_CU:cu1|state
  9. Registers Removed During Synthesis
 10. General Register Statistics
 11. Registers Packed Into Inferred Megafunctions
 12. Multiplexer Restructuring Statistics (Restructuring Performed)
 13. Source assignments for DP:dp1|RAM32x8:RAM|altsyncram:Mem_rtl_0|altsyncram_tif1:auto_generated
 14. Parameter Settings for User Entity Instance: LAB2_CU:cu1
 15. Parameter Settings for User Entity Instance: DP:dp1|nBitsRegister:Areg
 16. Parameter Settings for User Entity Instance: DP:dp1|nBitsRegister:PCreg
 17. Parameter Settings for User Entity Instance: DP:dp1|nBitsRegister:IRreg
 18. Parameter Settings for Inferred Entity Instance: DP:dp1|RAM32x8:RAM|altsyncram:Mem_rtl_0
 19. Analysis & Synthesis Messages
 20. Analysis & Synthesis Suppressed Messages



----------------
; Legal Notice ;
----------------
Copyright (C) 1991-2008 Altera Corporation
Your use of Altera Corporation's design tools, logic functions 
and other software and tools, and its AMPP partner logic 
functions, and any output files from any of the foregoing 
(including device programming or simulation files), and any 
associated documentation or information are expressly subject 
to the terms and conditions of the Altera Program License 
Subscription Agreement, Altera MegaCore Function License 
Agreement, or other applicable license agreement, including, 
without limitation, that your use is for the sole purpose of 
programming logic devices manufactured by Altera and sold by 
Altera or its authorized distributors.  Please refer to the 
applicable agreement for further details.



+------------------------------------------------------------------------------+
; Analysis & Synthesis Summary                                                 ;
+------------------------------------+-----------------------------------------+
; Analysis & Synthesis Status        ; Successful - Wed Dec 09 10:32:54 2015   ;
; Quartus II Version                 ; 8.1 Build 163 10/28/2008 SJ Web Edition ;
; Revision Name                      ; IT                                      ;
; Top-level Entity Name              ; IT                                      ;
; Family                             ; Cyclone II                              ;
; Total logic elements               ; 54                                      ;
;     Total combinational functions  ; 54                                      ;
;     Dedicated logic registers      ; 32                                      ;
; Total registers                    ; 32                                      ;
; Total pins                         ; 21                                      ;
; Total virtual pins                 ; 0                                       ;
; Total memory bits                  ; 256                                     ;
; Embedded Multiplier 9-bit elements ; 0                                       ;
; Total PLLs                         ; 0                                       ;
+------------------------------------+-----------------------------------------+


+----------------------------------------------------------------------------------------------------------+
; Analysis & Synthesis Settings                                                                            ;
+----------------------------------------------------------------+--------------------+--------------------+
; Option                                                         ; Setting            ; Default Value      ;
+----------------------------------------------------------------+--------------------+--------------------+
; Device                                                         ; EP2C20F484C7       ;                    ;
; Top-level entity name                                          ; IT                 ; IT                 ;
; Family name                                                    ; Cyclone II         ; Stratix II         ;
; Use Generated Physical Constraints File                        ; Off                ;                    ;
; Use smart compilation                                          ; Off                ; Off                ;
; Restructure Multiplexers                                       ; Auto               ; Auto               ;
; Create Debugging Nodes for IP Cores                            ; Off                ; Off                ;
; Preserve fewer node names                                      ; On                 ; On                 ;
; Disable OpenCore Plus hardware evaluation                      ; Off                ; Off                ;
; Verilog Version                                                ; Verilog_2001       ; Verilog_2001       ;
; VHDL Version                                                   ; VHDL93             ; VHDL93             ;
; State Machine Processing                                       ; Auto               ; Auto               ;
; Safe State Machine                                             ; Off                ; Off                ;
; Extract Verilog State Machines                                 ; On                 ; On                 ;
; Extract VHDL State Machines                                    ; On                 ; On                 ;
; Ignore Verilog initial constructs                              ; Off                ; Off                ;
; Iteration limit for constant Verilog loops                     ; 5000               ; 5000               ;
; Iteration limit for non-constant Verilog loops                 ; 250                ; 250                ;
; Add Pass-Through Logic to Inferred RAMs                        ; On                 ; On                 ;
; Parallel Synthesis                                             ; Off                ; Off                ;
; DSP Block Balancing                                            ; Auto               ; Auto               ;
; NOT Gate Push-Back                                             ; On                 ; On                 ;
; Power-Up Don't Care                                            ; On                 ; On                 ;
; Remove Redundant Logic Cells                                   ; Off                ; Off                ;
; Remove Duplicate Registers                                     ; On                 ; On                 ;
; Ignore CARRY Buffers                                           ; Off                ; Off                ;
; Ignore CASCADE Buffers                                         ; Off                ; Off                ;
; Ignore GLOBAL Buffers                                          ; Off                ; Off                ;
; Ignore ROW GLOBAL Buffers                                      ; Off                ; Off                ;
; Ignore LCELL Buffers                                           ; Off                ; Off                ;
; Ignore SOFT Buffers                                            ; On                 ; On                 ;
; Limit AHDL Integers to 32 Bits                                 ; Off                ; Off                ;
; Optimization Technique                                         ; Balanced           ; Balanced           ;
; Carry Chain Length                                             ; 70                 ; 70                 ;
; Auto Carry Chains                                              ; On                 ; On                 ;
; Auto Open-Drain Pins                                           ; On                 ; On                 ;
; Perform WYSIWYG Primitive Resynthesis                          ; Off                ; Off                ;
; Perform gate-level register retiming                           ; Off                ; Off                ;
; Allow register retiming to trade off Tsu/Tco with Fmax         ; On                 ; On                 ;
; Auto ROM Replacement                                           ; On                 ; On                 ;
; Auto RAM Replacement                                           ; On                 ; On                 ;
; Auto Shift Register Replacement                                ; Auto               ; Auto               ;
; Auto Clock Enable Replacement                                  ; On                 ; On                 ;
; Strict RAM Replacement                                         ; Off                ; Off                ;
; Allow Synchronous Control Signals                              ; On                 ; On                 ;
; Force Use of Synchronous Clear Signals                         ; Off                ; Off                ;
; Auto RAM to Logic Cell Conversion                              ; Off                ; Off                ;
; Auto Resource Sharing                                          ; Off                ; Off                ;
; Allow Any RAM Size For Recognition                             ; Off                ; Off                ;
; Allow Any ROM Size For Recognition                             ; Off                ; Off                ;
; Allow Any Shift Register Size For Recognition                  ; Off                ; Off                ;
; Use LogicLock Constraints during Resource Balancing            ; On                 ; On                 ;
; Ignore translate_off and synthesis_off directives              ; Off                ; Off                ;
; Show Parameter Settings Tables in Synthesis Report             ; On                 ; On                 ;
; Ignore Maximum Fan-Out Assignments                             ; Off                ; Off                ;
; Synchronization Register Chain Length                          ; 2                  ; 2                  ;
; PowerPlay Power Optimization                                   ; Normal compilation ; Normal compilation ;
; HDL message level                                              ; Level2             ; Level2             ;
; Suppress Register Optimization Related Messages                ; Off                ; Off                ;
; Number of Removed Registers Reported in Synthesis Report       ; 100                ; 100                ;
; Number of Inverted Registers Reported in Synthesis Report      ; 100                ; 100                ;
; Clock MUX Protection                                           ; On                 ; On                 ;
; Auto Gated Clock Conversion                                    ; Off                ; Off                ;
; Block Design Naming                                            ; Auto               ; Auto               ;
; SDC constraint protection                                      ; Off                ; Off                ;
; Synthesis Effort                                               ; Auto               ; Auto               ;
; Allows Asynchronous Clear Usage For Shift Register Replacement ; On                 ; On                 ;
; Analysis & Synthesis Message Level                             ; Medium             ; Medium             ;
+----------------------------------------------------------------+--------------------+--------------------+


+-----------------------------------------------------------------------------------------------------------------------------------------------------------------+
; Analysis & Synthesis Source Files Read                                                                                                                          ;
+----------------------------------+-----------------+------------------------------+-----------------------------------------------------------------------------+
; File Name with User-Entered Path ; Used in Netlist ; File Type                    ; File Name with Absolute Path                                                ;
+----------------------------------+-----------------+------------------------------+-----------------------------------------------------------------------------+
; LAB2_CU.v                        ; yes             ; User Verilog HDL File        ; C:/College_Stuff/Degree_yr2_sem2/Verilog HDL/LAB2_IT/LAB2_CU.v              ;
; DP.v                             ; yes             ; User Verilog HDL File        ; C:/College_Stuff/Degree_yr2_sem2/Verilog HDL/LAB2_IT/DP.v                   ;
; Increment5bit.v                  ; yes             ; User Verilog HDL File        ; C:/College_Stuff/Degree_yr2_sem2/Verilog HDL/LAB2_IT/Increment5bit.v        ;
; Multiplexer2to1.v                ; yes             ; User Verilog HDL File        ; C:/College_Stuff/Degree_yr2_sem2/Verilog HDL/LAB2_IT/Multiplexer2to1.v      ;
; Multiplexer4to1.v                ; yes             ; User Verilog HDL File        ; C:/College_Stuff/Degree_yr2_sem2/Verilog HDL/LAB2_IT/Multiplexer4to1.v      ;
; nBitsRegister.v                  ; yes             ; User Verilog HDL File        ; C:/College_Stuff/Degree_yr2_sem2/Verilog HDL/LAB2_IT/nBitsRegister.v        ;
; RAM32x8.v                        ; yes             ; User Verilog HDL File        ; C:/College_Stuff/Degree_yr2_sem2/Verilog HDL/LAB2_IT/RAM32x8.v              ;
; SubOrAdd.v                       ; yes             ; User Verilog HDL File        ; C:/College_Stuff/Degree_yr2_sem2/Verilog HDL/LAB2_IT/SubOrAdd.v             ;
; IT.v                             ; yes             ; User Verilog HDL File        ; C:/College_Stuff/Degree_yr2_sem2/Verilog HDL/LAB2_IT/IT.v                   ;
; altsyncram.tdf                   ; yes             ; Megafunction                 ; c:/js/quartus ii/quartus/libraries/megafunctions/altsyncram.tdf             ;
; stratix_ram_block.inc            ; yes             ; Megafunction                 ; c:/js/quartus ii/quartus/libraries/megafunctions/stratix_ram_block.inc      ;
; lpm_mux.inc                      ; yes             ; Megafunction                 ; c:/js/quartus ii/quartus/libraries/megafunctions/lpm_mux.inc                ;
; lpm_decode.inc                   ; yes             ; Megafunction                 ; c:/js/quartus ii/quartus/libraries/megafunctions/lpm_decode.inc             ;
; aglobal81.inc                    ; yes             ; Megafunction                 ; c:/js/quartus ii/quartus/libraries/megafunctions/aglobal81.inc              ;
; a_rdenreg.inc                    ; yes             ; Megafunction                 ; c:/js/quartus ii/quartus/libraries/megafunctions/a_rdenreg.inc              ;
; altrom.inc                       ; yes             ; Megafunction                 ; c:/js/quartus ii/quartus/libraries/megafunctions/altrom.inc                 ;
; altram.inc                       ; yes             ; Megafunction                 ; c:/js/quartus ii/quartus/libraries/megafunctions/altram.inc                 ;
; altdpram.inc                     ; yes             ; Megafunction                 ; c:/js/quartus ii/quartus/libraries/megafunctions/altdpram.inc               ;
; altqpram.inc                     ; yes             ; Megafunction                 ; c:/js/quartus ii/quartus/libraries/megafunctions/altqpram.inc               ;
; db/altsyncram_tif1.tdf           ; yes             ; Auto-Generated Megafunction  ; C:/College_Stuff/Degree_yr2_sem2/Verilog HDL/LAB2_IT/db/altsyncram_tif1.tdf ;
+----------------------------------+-----------------+------------------------------+-----------------------------------------------------------------------------+


+-----------------------------------------------------+
; Analysis & Synthesis Resource Usage Summary         ;
+---------------------------------------------+-------+
; Resource                                    ; Usage ;
+---------------------------------------------+-------+
; Estimated Total logic elements              ; 54    ;
;                                             ;       ;
; Total combinational functions               ; 54    ;
; Logic element usage by number of LUT inputs ;       ;
;     -- 4 input functions                    ; 19    ;
;     -- 3 input functions                    ; 16    ;
;     -- <=2 input functions                  ; 19    ;
;                                             ;       ;
; Logic elements by mode                      ;       ;
;     -- normal mode                          ; 42    ;
;     -- arithmetic mode                      ; 12    ;
;                                             ;       ;
; Total registers                             ; 32    ;
;     -- Dedicated logic registers            ; 32    ;
;     -- I/O registers                        ; 0     ;
;                                             ;       ;
; I/O pins                                    ; 21    ;
; Total memory bits                           ; 256   ;
; Maximum fan-out node                        ; Clock ;
; Maximum fan-out                             ; 40    ;
; Total fan-out                               ; 376   ;
; Average fan-out                             ; 3.27  ;
+---------------------------------------------+-------+


+------------------------------------------------------------------------------------------------------------------------------------------------------------------------------------------------------------------------------------------------------+
; Analysis & Synthesis Resource Utilization by Entity                                                                                                                                                                                                  ;
+----------------------------------------------+-------------------+--------------+-------------+--------------+---------+-----------+------+--------------+----------------------------------------------------------------------------+--------------+
; Compilation Hierarchy Node                   ; LC Combinationals ; LC Registers ; Memory Bits ; DSP Elements ; DSP 9x9 ; DSP 18x18 ; Pins ; Virtual Pins ; Full Hierarchy Name                                                        ; Library Name ;
+----------------------------------------------+-------------------+--------------+-------------+--------------+---------+-----------+------+--------------+----------------------------------------------------------------------------+--------------+
; |IT                                          ; 54 (1)            ; 32 (0)       ; 256         ; 0            ; 0       ; 0         ; 21   ; 0            ; |IT                                                                        ; work         ;
;    |DP:dp1|                                  ; 35 (0)            ; 21 (0)       ; 256         ; 0            ; 0       ; 0         ; 0    ; 0            ; |IT|DP:dp1                                                                 ; work         ;
;       |Multiplexer2to1:MeminstMUX|           ; 5 (5)             ; 0 (0)        ; 0           ; 0            ; 0       ; 0         ; 0    ; 0            ; |IT|DP:dp1|Multiplexer2to1:MeminstMUX                                      ; work         ;
;       |RAM32x8:RAM|                          ; 0 (0)             ; 0 (0)        ; 256         ; 0            ; 0       ; 0         ; 0    ; 0            ; |IT|DP:dp1|RAM32x8:RAM                                                     ; work         ;
;          |altsyncram:Mem_rtl_0|              ; 0 (0)             ; 0 (0)        ; 256         ; 0            ; 0       ; 0         ; 0    ; 0            ; |IT|DP:dp1|RAM32x8:RAM|altsyncram:Mem_rtl_0                                ; work         ;
;             |altsyncram_tif1:auto_generated| ; 0 (0)             ; 0 (0)        ; 256         ; 0            ; 0       ; 0         ; 0    ; 0            ; |IT|DP:dp1|RAM32x8:RAM|altsyncram:Mem_rtl_0|altsyncram_tif1:auto_generated ; work         ;
;       |SubOrAdd:SubAdd|                      ; 17 (17)           ; 0 (0)        ; 0           ; 0            ; 0       ; 0         ; 0    ; 0            ; |IT|DP:dp1|SubOrAdd:SubAdd                                                 ; work         ;
;       |nBitsRegister:Areg|                   ; 8 (8)             ; 8 (8)        ; 0           ; 0            ; 0       ; 0         ; 0    ; 0            ; |IT|DP:dp1|nBitsRegister:Areg                                              ; work         ;
;       |nBitsRegister:IRreg|                  ; 0 (0)             ; 8 (8)        ; 0           ; 0            ; 0       ; 0         ; 0    ; 0            ; |IT|DP:dp1|nBitsRegister:IRreg                                             ; work         ;
;       |nBitsRegister:PCreg|                  ; 5 (5)             ; 5 (5)        ; 0           ; 0            ; 0       ; 0         ; 0    ; 0            ; |IT|DP:dp1|nBitsRegister:PCreg                                             ; work         ;
;    |LAB2_CU:cu1|                             ; 18 (18)           ; 11 (11)      ; 0           ; 0            ; 0       ; 0         ; 0    ; 0            ; |IT|LAB2_CU:cu1                                                            ; work         ;
+----------------------------------------------+-------------------+--------------+-------------+--------------+---------+-----------+------+--------------+----------------------------------------------------------------------------+--------------+
Note: For table entries with two numbers listed, the numbers in parentheses indicate the number of resources of the given type used by the specific entity alone. The numbers listed outside of parentheses indicate the total resources of the given type used by the specific entity and all of its sub-entities in the hierarchy.


+---------------------------------------------------------------------------------------------------------------------------------------------------------------------------------------+
; Analysis & Synthesis RAM Summary                                                                                                                                                      ;
+-----------------------------------------------------------------------------------+------+------------------+--------------+--------------+--------------+--------------+------+------+
; Name                                                                              ; Type ; Mode             ; Port A Depth ; Port A Width ; Port B Depth ; Port B Width ; Size ; MIF  ;
+-----------------------------------------------------------------------------------+------+------------------+--------------+--------------+--------------+--------------+------+------+
; DP:dp1|RAM32x8:RAM|altsyncram:Mem_rtl_0|altsyncram_tif1:auto_generated|ALTSYNCRAM ; AUTO ; Simple Dual Port ; 32           ; 8            ; 32           ; 8            ; 256  ; None ;
+-----------------------------------------------------------------------------------+------+------------------+--------------+--------------+--------------+--------------+------+------+


Encoding Type:  One-Hot
+---------------------------------------------------------------------------------------------------------------------------------------------------------------+
; State Machine - |IT|LAB2_CU:cu1|state                                                                                                                         ;
+--------------+------------+------------+----------+-------------+-----------+-----------+-------------+------------+--------------+-------------+-------------+
; Name         ; state.HALT ; state.JPOS ; state.JZ ; state.INPUT ; state.SUB ; state.ADD ; state.STORE ; state.LOAD ; state.DECODE ; state.FETCH ; state.START ;
+--------------+------------+------------+----------+-------------+-----------+-----------+-------------+------------+--------------+-------------+-------------+
; state.START  ; 0          ; 0          ; 0        ; 0           ; 0         ; 0         ; 0           ; 0          ; 0            ; 0           ; 0           ;
; state.FETCH  ; 0          ; 0          ; 0        ; 0           ; 0         ; 0         ; 0           ; 0          ; 0            ; 1           ; 1           ;
; state.DECODE ; 0          ; 0          ; 0        ; 0           ; 0         ; 0         ; 0           ; 0          ; 1            ; 0           ; 1           ;
; state.LOAD   ; 0          ; 0          ; 0        ; 0           ; 0         ; 0         ; 0           ; 1          ; 0            ; 0           ; 1           ;
; state.STORE  ; 0          ; 0          ; 0        ; 0           ; 0         ; 0         ; 1           ; 0          ; 0            ; 0           ; 1           ;
; state.ADD    ; 0          ; 0          ; 0        ; 0           ; 0         ; 1         ; 0           ; 0          ; 0            ; 0           ; 1           ;
; state.SUB    ; 0          ; 0          ; 0        ; 0           ; 1         ; 0         ; 0           ; 0          ; 0            ; 0           ; 1           ;
; state.INPUT  ; 0          ; 0          ; 0        ; 1           ; 0         ; 0         ; 0           ; 0          ; 0            ; 0           ; 1           ;
; state.JZ     ; 0          ; 0          ; 1        ; 0           ; 0         ; 0         ; 0           ; 0          ; 0            ; 0           ; 1           ;
; state.JPOS   ; 0          ; 1          ; 0        ; 0           ; 0         ; 0         ; 0           ; 0          ; 0            ; 0           ; 1           ;
; state.HALT   ; 1          ; 0          ; 0        ; 0           ; 0         ; 0         ; 0           ; 0          ; 0            ; 0           ; 1           ;
+--------------+------------+------------+----------+-------------+-----------+-----------+-------------+------------+--------------+-------------+-------------+


+------------------------------------------------------------+
; Registers Removed During Synthesis                         ;
+---------------------------------------+--------------------+
; Register name                         ; Reason for Removal ;
+---------------------------------------+--------------------+
; LAB2_CU:cu1|state~14                  ; Lost fanout        ;
; LAB2_CU:cu1|state~15                  ; Lost fanout        ;
; LAB2_CU:cu1|state~16                  ; Lost fanout        ;
; LAB2_CU:cu1|state~17                  ; Lost fanout        ;
; Total Number of Removed Registers = 4 ;                    ;
+---------------------------------------+--------------------+


+------------------------------------------------------+
; General Register Statistics                          ;
+----------------------------------------------+-------+
; Statistic                                    ; Value ;
+----------------------------------------------+-------+
; Total registers                              ; 32    ;
; Number of registers using Synchronous Clear  ; 0     ;
; Number of registers using Synchronous Load   ; 13    ;
; Number of registers using Asynchronous Clear ; 32    ;
; Number of registers using Asynchronous Load  ; 0     ;
; Number of registers using Clock Enable       ; 21    ;
; Number of registers using Preset             ; 0     ;
+----------------------------------------------+-------+


+-----------------------------------------------------------+
; Registers Packed Into Inferred Megafunctions              ;
+-------------------------+--------------------------+------+
; Register Name           ; Megafunction             ; Type ;
+-------------------------+--------------------------+------+
; DP:dp1|RAM32x8:RAM|Q[0] ; DP:dp1|RAM32x8:RAM|Mem~0 ; RAM  ;
; DP:dp1|RAM32x8:RAM|Q[1] ; DP:dp1|RAM32x8:RAM|Mem~0 ; RAM  ;
; DP:dp1|RAM32x8:RAM|Q[2] ; DP:dp1|RAM32x8:RAM|Mem~0 ; RAM  ;
; DP:dp1|RAM32x8:RAM|Q[3] ; DP:dp1|RAM32x8:RAM|Mem~0 ; RAM  ;
; DP:dp1|RAM32x8:RAM|Q[4] ; DP:dp1|RAM32x8:RAM|Mem~0 ; RAM  ;
; DP:dp1|RAM32x8:RAM|Q[5] ; DP:dp1|RAM32x8:RAM|Mem~0 ; RAM  ;
; DP:dp1|RAM32x8:RAM|Q[6] ; DP:dp1|RAM32x8:RAM|Mem~0 ; RAM  ;
; DP:dp1|RAM32x8:RAM|Q[7] ; DP:dp1|RAM32x8:RAM|Mem~0 ; RAM  ;
+-------------------------+--------------------------+------+


+--------------------------------------------------------------------------------------------------------------------------------------------------+
; Multiplexer Restructuring Statistics (Restructuring Performed)                                                                                   ;
+--------------------+-----------+---------------+----------------------+------------------------+------------+------------------------------------+
; Multiplexer Inputs ; Bus Width ; Baseline Area ; Area if Restructured ; Saving if Restructured ; Registered ; Example Multiplexer Output         ;
+--------------------+-----------+---------------+----------------------+------------------------+------------+------------------------------------+
; 4:1                ; 8 bits    ; 16 LEs        ; 16 LEs               ; 0 LEs                  ; Yes        ; |IT|DP:dp1|nBitsRegister:Areg|Q[3] ;
+--------------------+-----------+---------------+----------------------+------------------------+------------+------------------------------------+


+-----------------------------------------------------------------------------------------------+
; Source assignments for DP:dp1|RAM32x8:RAM|altsyncram:Mem_rtl_0|altsyncram_tif1:auto_generated ;
+---------------------------------+--------------------+------+---------------------------------+
; Assignment                      ; Value              ; From ; To                              ;
+---------------------------------+--------------------+------+---------------------------------+
; OPTIMIZE_POWER_DURING_SYNTHESIS ; NORMAL_COMPILATION ; -    ; -                               ;
+---------------------------------+--------------------+------+---------------------------------+


+----------------------------------------------------------+
; Parameter Settings for User Entity Instance: LAB2_CU:cu1 ;
+----------------+-------+---------------------------------+
; Parameter Name ; Value ; Type                            ;
+----------------+-------+---------------------------------+
; START          ; 0000  ; Unsigned Binary                 ;
; FETCH          ; 0001  ; Unsigned Binary                 ;
; DECODE         ; 0010  ; Unsigned Binary                 ;
; LOAD           ; 1000  ; Unsigned Binary                 ;
; STORE          ; 1001  ; Unsigned Binary                 ;
; ADD            ; 1010  ; Unsigned Binary                 ;
; SUB            ; 1011  ; Unsigned Binary                 ;
; INPUT          ; 1100  ; Unsigned Binary                 ;
; JZ             ; 1101  ; Unsigned Binary                 ;
; JPOS           ; 1110  ; Unsigned Binary                 ;
; HALT           ; 1111  ; Unsigned Binary                 ;
+----------------+-------+---------------------------------+
Note: In order to hide this table in the UI and the text report file, please set the "Show Parameter Settings Tables in Synthesis Report" option in "Analysis and Synthesis Settings -> More Settings" to "Off".


+------------------------------------------------------------------------+
; Parameter Settings for User Entity Instance: DP:dp1|nBitsRegister:Areg ;
+----------------+-------+-----------------------------------------------+
; Parameter Name ; Value ; Type                                          ;
+----------------+-------+-----------------------------------------------+
; n              ; 8     ; Signed Integer                                ;
+----------------+-------+-----------------------------------------------+
Note: In order to hide this table in the UI and the text report file, please set the "Show Parameter Settings Tables in Synthesis Report" option in "Analysis and Synthesis Settings -> More Settings" to "Off".


+-------------------------------------------------------------------------+
; Parameter Settings for User Entity Instance: DP:dp1|nBitsRegister:PCreg ;
+----------------+-------+------------------------------------------------+
; Parameter Name ; Value ; Type                                           ;
+----------------+-------+------------------------------------------------+
; n              ; 5     ; Signed Integer                                 ;
+----------------+-------+------------------------------------------------+
Note: In order to hide this table in the UI and the text report file, please set the "Show Parameter Settings Tables in Synthesis Report" option in "Analysis and Synthesis Settings -> More Settings" to "Off".


+-------------------------------------------------------------------------+
; Parameter Settings for User Entity Instance: DP:dp1|nBitsRegister:IRreg ;
+----------------+-------+------------------------------------------------+
; Parameter Name ; Value ; Type                                           ;
+----------------+-------+------------------------------------------------+
; n              ; 8     ; Signed Integer                                 ;
+----------------+-------+------------------------------------------------+
Note: In order to hide this table in the UI and the text report file, please set the "Show Parameter Settings Tables in Synthesis Report" option in "Analysis and Synthesis Settings -> More Settings" to "Off".


+------------------------------------------------------------------------------------------+
; Parameter Settings for Inferred Entity Instance: DP:dp1|RAM32x8:RAM|altsyncram:Mem_rtl_0 ;
+------------------------------------+----------------------+------------------------------+
; Parameter Name                     ; Value                ; Type                         ;
+------------------------------------+----------------------+------------------------------+
; BYTE_SIZE_BLOCK                    ; 8                    ; Untyped                      ;
; AUTO_CARRY_CHAINS                  ; ON                   ; AUTO_CARRY                   ;
; IGNORE_CARRY_BUFFERS               ; OFF                  ; IGNORE_CARRY                 ;
; AUTO_CASCADE_CHAINS                ; ON                   ; AUTO_CASCADE                 ;
; IGNORE_CASCADE_BUFFERS             ; OFF                  ; IGNORE_CASCADE               ;
; WIDTH_BYTEENA                      ; 1                    ; Untyped                      ;
; OPERATION_MODE                     ; DUAL_PORT            ; Untyped                      ;
; WIDTH_A                            ; 8                    ; Untyped                      ;
; WIDTHAD_A                          ; 5                    ; Untyped                      ;
; NUMWORDS_A                         ; 32                   ; Untyped                      ;
; OUTDATA_REG_A                      ; UNREGISTERED         ; Untyped                      ;
; ADDRESS_ACLR_A                     ; NONE                 ; Untyped                      ;
; OUTDATA_ACLR_A                     ; NONE                 ; Untyped                      ;
; WRCONTROL_ACLR_A                   ; NONE                 ; Untyped                      ;
; INDATA_ACLR_A                      ; NONE                 ; Untyped                      ;
; BYTEENA_ACLR_A                     ; NONE                 ; Untyped                      ;
; WIDTH_B                            ; 8                    ; Untyped                      ;
; WIDTHAD_B                          ; 5                    ; Untyped                      ;
; NUMWORDS_B                         ; 32                   ; Untyped                      ;
; INDATA_REG_B                       ; CLOCK1               ; Untyped                      ;
; WRCONTROL_WRADDRESS_REG_B          ; CLOCK1               ; Untyped                      ;
; RDCONTROL_REG_B                    ; CLOCK1               ; Untyped                      ;
; ADDRESS_REG_B                      ; CLOCK1               ; Untyped                      ;
; OUTDATA_REG_B                      ; UNREGISTERED         ; Untyped                      ;
; BYTEENA_REG_B                      ; CLOCK1               ; Untyped                      ;
; INDATA_ACLR_B                      ; NONE                 ; Untyped                      ;
; WRCONTROL_ACLR_B                   ; NONE                 ; Untyped                      ;
; ADDRESS_ACLR_B                     ; NONE                 ; Untyped                      ;
; OUTDATA_ACLR_B                     ; NONE                 ; Untyped                      ;
; RDCONTROL_ACLR_B                   ; NONE                 ; Untyped                      ;
; BYTEENA_ACLR_B                     ; NONE                 ; Untyped                      ;
; WIDTH_BYTEENA_A                    ; 1                    ; Untyped                      ;
; WIDTH_BYTEENA_B                    ; 1                    ; Untyped                      ;
; RAM_BLOCK_TYPE                     ; AUTO                 ; Untyped                      ;
; BYTE_SIZE                          ; 8                    ; Untyped                      ;
; READ_DURING_WRITE_MODE_MIXED_PORTS ; DONT_CARE            ; Untyped                      ;
; READ_DURING_WRITE_MODE_PORT_A      ; NEW_DATA_NO_NBE_READ ; Untyped                      ;
; READ_DURING_WRITE_MODE_PORT_B      ; NEW_DATA_NO_NBE_READ ; Untyped                      ;
; INIT_FILE                          ; UNUSED               ; Untyped                      ;
; INIT_FILE_LAYOUT                   ; PORT_A               ; Untyped                      ;
; MAXIMUM_DEPTH                      ; 0                    ; Untyped                      ;
; CLOCK_ENABLE_INPUT_A               ; NORMAL               ; Untyped                      ;
; CLOCK_ENABLE_INPUT_B               ; NORMAL               ; Untyped                      ;
; CLOCK_ENABLE_OUTPUT_A              ; NORMAL               ; Untyped                      ;
; CLOCK_ENABLE_OUTPUT_B              ; NORMAL               ; Untyped                      ;
; CLOCK_ENABLE_CORE_A                ; USE_INPUT_CLKEN      ; Untyped                      ;
; CLOCK_ENABLE_CORE_B                ; USE_INPUT_CLKEN      ; Untyped                      ;
; ENABLE_ECC                         ; FALSE                ; Untyped                      ;
; DEVICE_FAMILY                      ; Cyclone II           ; Untyped                      ;
; CBXI_PARAMETER                     ; altsyncram_tif1      ; Untyped                      ;
+------------------------------------+----------------------+------------------------------+
Note: In order to hide this table in the UI and the text report file, please set the "Show Parameter Settings Tables in Synthesis Report" option in "Analysis and Synthesis Settings -> More Settings" to "Off".


+-------------------------------+
; Analysis & Synthesis Messages ;
+-------------------------------+
Info: *******************************************************************
Info: Running Quartus II Analysis & Synthesis
    Info: Version 8.1 Build 163 10/28/2008 SJ Web Edition
    Info: Processing started: Wed Dec 09 10:32:52 2015
Info: Command: quartus_map --read_settings_files=on --write_settings_files=off IT -c IT
Info: Found 1 design units, including 1 entities, in source file LAB2_CU.v
    Info: Found entity 1: LAB2_CU
Info: Found 1 design units, including 1 entities, in source file DP.v
    Info: Found entity 1: DP
Info: Found 1 design units, including 1 entities, in source file Increment5bit.v
    Info: Found entity 1: Increment5bit
Info: Found 1 design units, including 1 entities, in source file Multiplexer2to1.v
    Info: Found entity 1: Multiplexer2to1
Info: Found 1 design units, including 1 entities, in source file Multiplexer4to1.v
    Info: Found entity 1: Multiplexer4to1
Info: Found 1 design units, including 1 entities, in source file nBitsRegister.v
    Info: Found entity 1: nBitsRegister
Info: Found 1 design units, including 1 entities, in source file RAM32x8.v
    Info: Found entity 1: RAM32x8
Info: Found 1 design units, including 1 entities, in source file realClock.v
    Info: Found entity 1: realClock
Info: Found 1 design units, including 1 entities, in source file SubOrAdd.v
    Info: Found entity 1: SubOrAdd
Info: Found 1 design units, including 1 entities, in source file IT.v
    Info: Found entity 1: IT
Info: Elaborating entity "IT" for the top level hierarchy
Info: Elaborating entity "LAB2_CU" for hierarchy "LAB2_CU:cu1"
Warning (10235): Verilog HDL Always Construct warning at LAB2_CU.v(90): variable "Enter" is read inside the Always Construct but isn't in the Always Construct's Event Control
Info: Elaborating entity "DP" for hierarchy "DP:dp1"
Info: Elaborating entity "RAM32x8" for hierarchy "DP:dp1|RAM32x8:RAM"
Info: Elaborating entity "nBitsRegister" for hierarchy "DP:dp1|nBitsRegister:Areg"
Info: Elaborating entity "Multiplexer4to1" for hierarchy "DP:dp1|Multiplexer4to1:AselMUX"
Info: Elaborating entity "SubOrAdd" for hierarchy "DP:dp1|SubOrAdd:SubAdd"
Warning (10235): Verilog HDL Always Construct warning at SubOrAdd.v(10): variable "inA" is read inside the Always Construct but isn't in the Always Construct's Event Control
Warning (10235): Verilog HDL Always Construct warning at SubOrAdd.v(10): variable "inM" is read inside the Always Construct but isn't in the Always Construct's Event Control
Warning (10235): Verilog HDL Always Construct warning at SubOrAdd.v(12): variable "inA" is read inside the Always Construct but isn't in the Always Construct's Event Control
Warning (10235): Verilog HDL Always Construct warning at SubOrAdd.v(12): variable "inM" is read inside the Always Construct but isn't in the Always Construct's Event Control
Info: Elaborating entity "Multiplexer2to1" for hierarchy "DP:dp1|Multiplexer2to1:MeminstMUX"
Warning (10235): Verilog HDL Always Construct warning at Multiplexer2to1.v(9): variable "JMPmux" is read inside the Always Construct but isn't in the Always Construct's Event Control
Info: Elaborating entity "nBitsRegister" for hierarchy "DP:dp1|nBitsRegister:PCreg"
Info: Elaborating entity "Increment5bit" for hierarchy "DP:dp1|Increment5bit:_5bitIncrement"
Warning: Inferred dual-clock RAM node "DP:dp1|RAM32x8:RAM|Mem~0" from synchronous design logic.  The read-during-write behavior of a dual-clock RAM is undefined and may not match the behavior of the original design.
Info: Inferred 1 megafunctions from design logic
    Info: Inferred altsyncram megafunction from the following design logic: "DP:dp1|RAM32x8:RAM|Mem~0" 
        Info: Parameter OPERATION_MODE set to DUAL_PORT
        Info: Parameter WIDTH_A set to 8
        Info: Parameter WIDTHAD_A set to 5
        Info: Parameter NUMWORDS_A set to 32
        Info: Parameter WIDTH_B set to 8
        Info: Parameter WIDTHAD_B set to 5
        Info: Parameter NUMWORDS_B set to 32
        Info: Parameter ADDRESS_ACLR_A set to NONE
        Info: Parameter OUTDATA_REG_B set to UNREGISTERED
        Info: Parameter ADDRESS_ACLR_B set to NONE
        Info: Parameter OUTDATA_ACLR_B set to NONE
        Info: Parameter ADDRESS_REG_B set to CLOCK1
        Info: Parameter INDATA_ACLR_A set to NONE
        Info: Parameter WRCONTROL_ACLR_A set to NONE
        Info: Parameter RAM_BLOCK_TYPE set to AUTO
Info: Elaborated megafunction instantiation "DP:dp1|RAM32x8:RAM|altsyncram:Mem_rtl_0"
Info: Instantiated megafunction "DP:dp1|RAM32x8:RAM|altsyncram:Mem_rtl_0" with the following parameter:
    Info: Parameter "OPERATION_MODE" = "DUAL_PORT"
    Info: Parameter "WIDTH_A" = "8"
    Info: Parameter "WIDTHAD_A" = "5"
    Info: Parameter "NUMWORDS_A" = "32"
    Info: Parameter "WIDTH_B" = "8"
    Info: Parameter "WIDTHAD_B" = "5"
    Info: Parameter "NUMWORDS_B" = "32"
    Info: Parameter "ADDRESS_ACLR_A" = "NONE"
    Info: Parameter "OUTDATA_REG_B" = "UNREGISTERED"
    Info: Parameter "ADDRESS_ACLR_B" = "NONE"
    Info: Parameter "OUTDATA_ACLR_B" = "NONE"
    Info: Parameter "ADDRESS_REG_B" = "CLOCK1"
    Info: Parameter "INDATA_ACLR_A" = "NONE"
    Info: Parameter "WRCONTROL_ACLR_A" = "NONE"
    Info: Parameter "RAM_BLOCK_TYPE" = "AUTO"
Info: Found 1 design units, including 1 entities, in source file db/altsyncram_tif1.tdf
    Info: Found entity 1: altsyncram_tif1
Info: 4 registers lost all their fanouts during netlist optimizations. The first 4 are displayed below.
    Info: Register "LAB2_CU:cu1|state~14" lost all its fanouts during netlist optimizations.
    Info: Register "LAB2_CU:cu1|state~15" lost all its fanouts during netlist optimizations.
    Info: Register "LAB2_CU:cu1|state~16" lost all its fanouts during netlist optimizations.
    Info: Register "LAB2_CU:cu1|state~17" lost all its fanouts during netlist optimizations.
Info: Generated suppressed messages file C:/College_Stuff/Degree_yr2_sem2/Verilog HDL/LAB2_IT/IT.map.smsg
Warning: Design contains 1 input pin(s) that do not drive logic
    Warning (15610): No output dependent on input pin "programEn"
Info: Implemented 92 device resources after synthesis - the final resource count might be different
    Info: Implemented 12 input pins
    Info: Implemented 9 output pins
    Info: Implemented 63 logic cells
    Info: Implemented 8 RAM segments
Info: Quartus II Analysis & Synthesis was successful. 0 errors, 9 warnings
    Info: Peak virtual memory: 224 megabytes
    Info: Processing ended: Wed Dec 09 10:32:54 2015
    Info: Elapsed time: 00:00:02
    Info: Total CPU time (on all processors): 00:00:02


+------------------------------------------+
; Analysis & Synthesis Suppressed Messages ;
+------------------------------------------+
The suppressed messages can be found in C:/College_Stuff/Degree_yr2_sem2/Verilog HDL/LAB2_IT/IT.map.smsg.


